<?xml version="1.0" encoding="UTF-8"?>
<!-- Generated by org.testng.reporters.JUnitReportReporter -->
<testsuite hostname="DESKTOP-SA70GI3" failures="0" tests="9" name="TestNG.invocationCountfeature" time="0.176" errors="0" timestamp="2024-05-17T13:31:26 IST" skipped="0">
  <testcase classname="TestNG.invocationCountfeature" name="VerifypageTitle" time="0.029"/>
  <testcase classname="TestNG.invocationCountfeature" name="Verifycreateaccountbutton" time="0.018"/>
  <testcase classname="TestNG.invocationCountfeature" name="Verifynoteuderloginbox" time="0.014"/>
  <testcase classname="TestNG.invocationCountfeature" name="verifylaunchapplication" time="0.038"/>
  <testcase classname="TestNG.invocationCountfeature" name="verifyloginsuccess" time="0.015"/>
  <testcase classname="TestNG.invocationCountfeature" name="Verifylogodiaplayed" time="0.016"/>
  <testcase classname="TestNG.invocationCountfeature" name="verifyforgotlink" time="0.007"/>
  <testcase classname="TestNG.invocationCountfeature" name="verifylaunchapplication" time="0.020"/>
  <testcase classname="TestNG.invocationCountfeature" name="verifylaunchapplication" time="0.019"/>
</testsuite> <!-- TestNG.invocationCountfeature -->
