<?xml version="1.0" encoding="UTF-8"?>
<!-- Generated by org.testng.reporters.JUnitReportReporter -->
<testsuite hostname="DESKTOP-SA70GI3" failures="0" tests="7" name="TestNG.enabledfeature" time="0.032" errors="0" timestamp="2024-05-17T13:31:26 IST" skipped="1">
  <testcase classname="TestNG.enabledfeature" name="VerifypageTitle" time="0.003"/>
  <testcase classname="TestNG.enabledfeature" name="verifyloginsuccess" time="0.007"/>
  <testcase classname="TestNG.enabledfeature" name="verifylaunchapplication" time="0.002"/>
  <testcase classname="TestNG.enabledfeature" name="Verifylogodiaplayed" time="0.010"/>
  <testcase classname="TestNG.enabledfeature" name="Verifycreateaccountbutton" time="0.006"/>
  <testcase classname="TestNG.enabledfeature" name="Verifynoteuderloginbox" time="0.004"/>
  <testcase classname="TestNG.enabledfeature" name="verifyforgotlink">
    <skipped/>
  </testcase> <!-- verifyforgotlink -->
</testsuite> <!-- TestNG.enabledfeature -->
