<?xml version="1.0" encoding="UTF-8"?>
<!-- Generated by org.testng.reporters.JUnitReportReporter -->
<testsuite hostname="DESKTOP-SA70GI3" failures="0" tests="9" name="TestNG.invocationCountfeature" time="0.173" errors="0" timestamp="2024-05-16T12:31:00 IST" skipped="0">
  <testcase classname="TestNG.invocationCountfeature" name="VerifypageTitle" time="0.015"/>
  <testcase classname="TestNG.invocationCountfeature" name="Verifylogodiaplayed" time="0.025"/>
  <testcase classname="TestNG.invocationCountfeature" name="Verifycreateaccountbutton" time="0.011"/>
  <testcase classname="TestNG.invocationCountfeature" name="Verifynoteuderloginbox" time="0.023"/>
  <testcase classname="TestNG.invocationCountfeature" name="verifylaunchapplication" time="0.009"/>
  <testcase classname="TestNG.invocationCountfeature" name="verifylaunchapplication" time="0.021"/>
  <testcase classname="TestNG.invocationCountfeature" name="verifylaunchapplication" time="0.019"/>
  <testcase classname="TestNG.invocationCountfeature" name="verifyloginsuccess" time="0.035"/>
  <testcase classname="TestNG.invocationCountfeature" name="verifyforgotlink" time="0.015"/>
</testsuite> <!-- TestNG.invocationCountfeature -->
