<?xml version="1.0" encoding="UTF-8"?>
<!-- Generated by org.testng.reporters.JUnitReportReporter -->
<testsuite hostname="DESKTOP-SA70GI3" failures="0" tests="1" name="TestNG.ParallelTest2" time="6.535" errors="0" timestamp="2024-05-17T13:31:26 IST" skipped="0">
  <testcase classname="TestNG.ParallelTest2" name="preconditionsgoogle" time="6.535"/>
</testsuite> <!-- TestNG.ParallelTest2 -->
