<?xml version="1.0" encoding="UTF-8"?>
<!-- Generated by org.testng.reporters.JUnitReportReporter -->
<testsuite hostname="DESKTOP-SA70GI3" failures="0" tests="6" name="TestNGBasicFeatures" time="0.088" errors="0" timestamp="2024-05-13T10:35:49 IST" skipped="0">
  <testcase classname="TestNGBasicFeatures" name="Verifylogodiaplayed" time="0.018"/>
  <testcase classname="TestNGBasicFeatures" name="verifyloginsuccess" time="0.011"/>
  <testcase classname="TestNGBasicFeatures" name="Verifynoteuderloginbox" time="0.009"/>
  <testcase classname="TestNGBasicFeatures" name="verifyforgotlink" time="0.014"/>
  <testcase classname="TestNGBasicFeatures" name="VerifypageTitle" time="0.014"/>
  <testcase classname="TestNGBasicFeatures" name="Verifycreateaccountbutton" time="0.022"/>
</testsuite> <!-- TestNGBasicFeatures -->
