<?xml version="1.0" encoding="UTF-8"?>
<!-- Generated by org.testng.reporters.JUnitReportReporter -->
<testsuite hostname="DESKTOP-SA70GI3" failures="0" tests="2" name="TestNG.TestNGBasicConcept" time="0.010" errors="0" timestamp="2024-05-17T13:31:26 IST" skipped="0">
  <testcase classname="TestNG.TestNGBasicConcept" name="verifyloginsuccess" time="0.005"/>
  <testcase classname="TestNG.TestNGBasicConcept" name="verifyforgotlinkdisplayed" time="0.005"/>
</testsuite> <!-- TestNG.TestNGBasicConcept -->
