<?xml version="1.0" encoding="UTF-8"?>
<!-- Generated by org.testng.reporters.JUnitReportReporter -->
<testsuite hostname="DESKTOP-SA70GI3" failures="0" tests="1" name="TestNG.FreeCRMDemo" time="20.533" errors="0" timestamp="2024-05-26T10:59:24 IST" skipped="0">
  <testcase classname="TestNG.FreeCRMDemo" name="crmlogin" time="20.533"/>
</testsuite> <!-- TestNG.FreeCRMDemo -->
