<?xml version="1.0" encoding="UTF-8"?>
<!-- Generated by org.testng.reporters.JUnitReportReporter -->
<testsuite hostname="DESKTOP-SA70GI3" failures="0" tests="3" name="RunnerClass.TestRunnerWithTestNg" time="0.252" errors="0" timestamp="2024-05-28T09:31:20 IST" skipped="0">
  <testcase classname="RunnerClass.TestRunnerWithTestNg" name="runScenario" time="0.025"/>
  <testcase classname="RunnerClass.TestRunnerWithTestNg" name="runScenario" time="0.207"/>
  <testcase classname="RunnerClass.TestRunnerWithTestNg" name="runScenario" time="0.020"/>
</testsuite> <!-- RunnerClass.TestRunnerWithTestNg -->
