<?xml version="1.0" encoding="UTF-8"?>
<!-- Generated by org.testng.reporters.JUnitReportReporter -->
<testsuite hostname="DESKTOP-SA70GI3" failures="0" tests="9" name="TestNG.invocationCountfeature" time="0.137" errors="0" timestamp="2024-05-13T11:07:43 IST" skipped="0">
  <testcase classname="TestNG.invocationCountfeature" name="VerifypageTitle" time="0.032"/>
  <testcase classname="TestNG.invocationCountfeature" name="Verifylogodiaplayed" time="0.018"/>
  <testcase classname="TestNG.invocationCountfeature" name="verifylaunchapplication" time="0.008"/>
  <testcase classname="TestNG.invocationCountfeature" name="verifylaunchapplication" time="0.009"/>
  <testcase classname="TestNG.invocationCountfeature" name="verifylaunchapplication" time="0.003"/>
  <testcase classname="TestNG.invocationCountfeature" name="Verifycreateaccountbutton" time="0.012"/>
  <testcase classname="TestNG.invocationCountfeature" name="verifyloginsuccess" time="0.017"/>
  <testcase classname="TestNG.invocationCountfeature" name="verifyforgotlink" time="0.021"/>
  <testcase classname="TestNG.invocationCountfeature" name="Verifynoteuderloginbox" time="0.017"/>
</testsuite> <!-- TestNG.invocationCountfeature -->
