<?xml version="1.0" encoding="UTF-8"?>
<!-- Generated by org.testng.reporters.JUnitReportReporter -->
<testsuite hostname="DESKTOP-SA70GI3" failures="0" tests="2" name="TestNG.enabledfeature" time="0.025" errors="0" timestamp="2024-05-13T11:27:48 IST" skipped="1">
  <testcase classname="TestNG.enabledfeature" name="Verifylogodiaplayed" time="0.025"/>
  <testcase classname="TestNG.enabledfeature" name="verifyforgotlink">
    <skipped/>
  </testcase> <!-- verifyforgotlink -->
</testsuite> <!-- TestNG.enabledfeature -->
