<?xml version="1.0" encoding="UTF-8"?>
<!-- Generated by org.testng.reporters.JUnitReportReporter -->
<testsuite hostname="DESKTOP-SA70GI3" failures="0" tests="1" name="TestNG.ParallelTest1" time="10.323" errors="0" timestamp="2024-05-17T13:31:26 IST" skipped="0">
  <testcase classname="TestNG.ParallelTest1" name="preconditionsfacebook" time="10.323"/>
</testsuite> <!-- TestNG.ParallelTest1 -->
