<?xml version="1.0" encoding="UTF-8"?>
<!-- Generated by org.testng.reporters.JUnitReportReporter -->
<testsuite hostname="DESKTOP-SA70GI3" failures="0" tests="2" name="TestNG.TestNGBasicConcept" time="0.028" errors="0" timestamp="2024-05-12T12:34:26 IST" skipped="0">
  <testcase classname="TestNG.TestNGBasicConcept" name="verifyloginsuccess" time="0.006"/>
  <testcase classname="TestNG.TestNGBasicConcept" name="verifyforgotlinkdisplayed" time="0.022"/>
</testsuite> <!-- TestNG.TestNGBasicConcept -->
