<?xml version="1.0" encoding="UTF-8"?>
<!-- Generated by org.testng.reporters.JUnitReportReporter -->
<testsuite hostname="DESKTOP-SA70GI3" failures="0" tests="1" name="TestNG.ParallelTest1" time="9.488" errors="0" timestamp="2024-05-16T13:18:39 IST" skipped="0">
  <testcase classname="TestNG.ParallelTest1" name="preconditionsfacebook" time="9.488"/>
</testsuite> <!-- TestNG.ParallelTest1 -->
