<?xml version="1.0" encoding="UTF-8"?>
<!-- Generated by org.testng.reporters.JUnitReportReporter -->
<testsuite hostname="DESKTOP-SA70GI3" failures="0" tests="4" name="TestNG.TestNGBasicFeatures" time="0.023" errors="0" timestamp="2024-05-16T13:00:49 IST" skipped="1">
  <testcase classname="TestNG.TestNGBasicFeatures" name="VerifypageTitle" time="0.016"/>
  <testcase classname="TestNG.TestNGBasicFeatures" name="Verifycreateaccountbutton" time="0.002"/>
  <testcase classname="TestNG.TestNGBasicFeatures" name="Verifylogodiaplayed" time="0.005"/>
  <testcase classname="TestNG.TestNGBasicFeatures" name="verifyloginsuccess">
    <skipped/>
  </testcase> <!-- verifyloginsuccess -->
</testsuite> <!-- TestNG.TestNGBasicFeatures -->
