<?xml version="1.0" encoding="UTF-8"?>
<!-- Generated by org.testng.reporters.JUnitReportReporter -->
<testsuite hostname="DESKTOP-SA70GI3" failures="0" tests="1" name="RunnerClass.TestRunner" time="7.832" errors="0" timestamp="2024-05-24T00:20:39 IST" skipped="0">
  <testcase classname="RunnerClass.TestRunner" name="runScenario" time="7.832"/>
</testsuite> <!-- RunnerClass.TestRunner -->
