<?xml version="1.0" encoding="UTF-8"?>
<!-- Generated by org.testng.reporters.JUnitReportReporter -->
<testsuite hostname="DESKTOP-SA70GI3" failures="0" tests="6" name="TestNG.TestNGBasicFeatures" time="0.032" errors="0" timestamp="2024-05-17T13:31:26 IST" skipped="1">
  <testcase classname="TestNG.TestNGBasicFeatures" name="VerifypageTitle" time="0.015"/>
  <testcase classname="TestNG.TestNGBasicFeatures" name="verifyforgotlink" time="0.003"/>
  <testcase classname="TestNG.TestNGBasicFeatures" name="Verifynoteuderloginbox" time="0.005"/>
  <testcase classname="TestNG.TestNGBasicFeatures" name="Verifylogodiaplayed" time="0.004"/>
  <testcase classname="TestNG.TestNGBasicFeatures" name="Verifycreateaccountbutton" time="0.005"/>
  <testcase classname="TestNG.TestNGBasicFeatures" name="verifyloginsuccess">
    <skipped/>
  </testcase> <!-- verifyloginsuccess -->
</testsuite> <!-- TestNG.TestNGBasicFeatures -->
