<?xml version="1.0" encoding="UTF-8"?>
<!-- Generated by org.testng.reporters.JUnitReportReporter -->
<testsuite hostname="DESKTOP-SA70GI3" failures="0" tests="4" name="TestNG.dependsOnMethods" time="0.060" errors="0" timestamp="2024-05-16T12:42:54 IST" skipped="0">
  <testcase classname="TestNG.dependsOnMethods" name="Verifynoteuderloginbox" time="0.021"/>
  <testcase classname="TestNG.dependsOnMethods" name="verifylaunchapplication" time="0.013"/>
  <testcase classname="TestNG.dependsOnMethods" name="Verifycreateaccountbutton" time="0.009"/>
  <testcase classname="TestNG.dependsOnMethods" name="verifyloginsuccess" time="0.017"/>
</testsuite> <!-- TestNG.dependsOnMethods -->
