<?xml version="1.0" encoding="UTF-8"?>
<!-- Generated by org.testng.reporters.JUnitReportReporter -->
<testsuite hostname="DESKTOP-SA70GI3" failures="0" tests="3" name="RunnerClass.TestRunnerWithTestNg" time="0.225" errors="0" timestamp="2024-05-28T09:42:17 IST" skipped="0">
  <testcase classname="RunnerClass.TestRunnerWithTestNg" name="runScenario" time="0.024"/>
  <testcase classname="RunnerClass.TestRunnerWithTestNg" name="runScenario" time="0.180"/>
  <testcase classname="RunnerClass.TestRunnerWithTestNg" name="runScenario" time="0.021"/>
</testsuite> <!-- RunnerClass.TestRunnerWithTestNg -->
